<?xml version="1.0" encoding="UTF-8"?>
<!-- Generated by org.testng.reporters.JUnitReportReporter -->
<testsuite skipped="0" hostname="MAA-5CG9224VHZ" name="testCases.TC_001_AMZ_Search" tests="1" failures="0" timestamp="2019-12-14T16:36:31 IST" time="14.635" errors="0">
  <testcase name="run" time="14.635" classname="testCases.TC_001_AMZ_Search"/>
</testsuite> <!-- testCases.TC_001_AMZ_Search -->
